MG_HOME : /tools/synopsys/vc_formal/V-2023.12-SP1-1
rma-extended-mode : 17
tw-tool-version : "2023.12"
max-workers-per-property : -1
task-rusage-messages-interval : 300
gridmem-replacement-policy : 1
crash-messages : #t
peakmem-messages : #t
debug : #f
edb-dbase-id : 50000
all-results : #t
design-top-name : "rvfi_testbench"
exe-dir : "/tools/synopsys/vc_formal/V-2023.12-SP1-1/linux64/ctg/bin"
rma-auto-type : 3
oct-mode : 1977
grid-prefetch-timeout : 3600
seqaig-compression : #t
VC_STATIC_HOME : /tools/synopsys/vc_formal/V-2023.12-SP1-1
gridmem-acquisition-policy : 1
replay-hints : #t
sss-mode : 0
cdpl-log-filter : #f
tw-bh-random-workers : 0
interactive-mode : #t
trace-compression : #t
tw-bh-randomize : #f
rma-auto : #t
tr-init-batch-size : 10
upfront-worker-timeout : 1
skip-lower-depth-msg-ext : 3
caching-on : #t
task-rusage-messages : #t
tw-bh-mode : 0
full-interactive-mode : #t
gen-invariant  : #t
orc-strategy : "default"
global-chain-db : #f
app-name : "fpv"
rma-inv-handler : 1
engine-score-file : "/home/trainee1/riscv-formal/cores/scrv32i/vcf/make_folder/vcst_rtdb/.internal/formal/fpId0/fv_eng_score"
oct-point : 9
cdpl-log-compress : #t
grid-prefetch-pct : 0
